<?xml version="1.0" encoding="UTF-8"?>
<testng-results ignored="0" total="2" passed="2" failed="0" skipped="0">
  <reporter-output>
  </reporter-output>
  <suite started-at="2022-11-16T11:56:50 IST" name="endToendAutomationProject" finished-at="2022-11-16T11:56:57 IST" duration-ms="7767">
    <groups>
    </groups>
    <test started-at="2022-11-16T11:56:50 IST" name="Test" finished-at="2022-11-16T11:56:57 IST" duration-ms="7767">
      <class name="endToendAutomationProject.Testcases.testLoginPage_001">
        <test-method is-config="true" signature="setup(java.lang.String)[pri:0, instance:endToendAutomationProject.Testcases.testLoginPage_001@359f7cdf]" started-at="2022-11-16T11:56:50 IST" name="setup" finished-at="2022-11-16T11:56:55 IST" duration-ms="5374" status="PASS">
          <params>
            <param index="0">
              <value>
                <![CDATA[chrome]]>
              </value>
            </param>
          </params>
          <reporter-output>
          </reporter-output>
        </test-method> <!-- setup -->
        <test-method signature="loginaccount()[pri:0, instance:endToendAutomationProject.Testcases.testLoginPage_001@359f7cdf]" started-at="2022-11-16T11:56:55 IST" name="loginaccount" finished-at="2022-11-16T11:56:57 IST" duration-ms="1992" status="PASS">
          <reporter-output>
          </reporter-output>
        </test-method> <!-- loginaccount -->
        <test-method signature="newcustlink()[pri:0, instance:endToendAutomationProject.Testcases.testLoginPage_001@359f7cdf]" started-at="2022-11-16T11:56:57 IST" name="newcustlink" finished-at="2022-11-16T11:56:57 IST" duration-ms="47" status="PASS">
          <reporter-output>
          </reporter-output>
        </test-method> <!-- newcustlink -->
        <test-method is-config="true" signature="treardown()[pri:0, instance:endToendAutomationProject.Testcases.testLoginPage_001@359f7cdf]" started-at="2022-11-16T11:56:57 IST" name="treardown" finished-at="2022-11-16T11:56:57 IST" duration-ms="131" status="PASS">
          <reporter-output>
          </reporter-output>
        </test-method> <!-- treardown -->
      </class> <!-- endToendAutomationProject.Testcases.testLoginPage_001 -->
    </test> <!-- Test -->
  </suite> <!-- endToendAutomationProject -->
</testng-results>
